Command "daemon" is deprecated, and will be removed in Docker 17.12. Please run `dockerd` directly.
time="2017-04-26T14:42:07.568240469+02:00" level=warning msg="[!] DON'T BIND ON ANY IP ADDRESS WITHOUT setting --tlsverify IF YOU DON'T KNOW WHAT YOU'RE DOING [!]" 
time="2017-04-26T14:42:07.598883553+02:00" level=info msg="libcontainerd: new containerd process, pid: 11809" 
time="2017-04-26T14:42:07.82790759+02:00" level=warning msg="containerd: low RLIMIT_NOFILE changing to max" current=1024 max=4096 
time="2017-04-26T14:42:09.141395072+02:00" level=info msg="[graphdriver] using prior storage driver: overlay2" 
time="2017-04-26T14:42:09.671740120+02:00" level=info msg="Graph migration to content-addressability took 0.00 seconds" 
time="2017-04-26T14:42:09.672015223+02:00" level=warning msg="Your kernel does not support swap memory limit" 
time="2017-04-26T14:42:09.672081626+02:00" level=warning msg="Your kernel does not support cgroup rt period" 
time="2017-04-26T14:42:09.672097810+02:00" level=warning msg="Your kernel does not support cgroup rt runtime" 
time="2017-04-26T14:42:09.672369048+02:00" level=info msg="Loading containers: start." 
time="2017-04-26T14:42:09.938313756+02:00" level=info msg="Firewalld running: false" 
time="2017-04-26T14:42:10.730199123+02:00" level=info msg="Default bridge (docker0) is assigned with an IP address 172.17.0.0/16. Daemon option --bip can be used to set a preferred IP address" 
time="2017-04-26T14:42:10.860387271+02:00" level=info msg="Loading containers: done." 
time="2017-04-26T14:42:11.204379662+02:00" level=info msg="Daemon has completed initialization" 
time="2017-04-26T14:42:11.204430120+02:00" level=info msg="Docker daemon" commit=4845c56 graphdriver=overlay2 version=17.04.0-ce 
time="2017-04-26T14:42:11.214662877+02:00" level=info msg="API listen on /var/run/docker.sock" 
time="2017-04-26T14:42:11.214730577+02:00" level=info msg="API listen on [::]:2375" 
time="2017-04-26T14:42:38.544542237+02:00" level=info msg="Layer sha256:505d5fbaaae3397412466b81c4aa547a9bbfb3a006cce7ad118bfbf51a891afd cleaned up" 
time="2017-04-26T14:43:08.886593613+02:00" level=info msg="Layer sha256:cd5482322bafe244ad79facf7c98143840673d0fcde93f2c14f657751e4b5e31 cleaned up" 
time="2017-04-26T14:43:09.050967186+02:00" level=info msg="Layer sha256:cd5482322bafe244ad79facf7c98143840673d0fcde93f2c14f657751e4b5e31 cleaned up" 
time="2017-04-26T14:43:16+02:00" level=info msg="Firewalld running: false" 
time="2017-04-26T14:43:16+02:00" level=info msg="Firewalld running: false" 
time="2017-04-26T14:43:34+02:00" level=info msg="Firewalld running: false" 
time="2017-04-26T14:43:34+02:00" level=info msg="Firewalld running: false" 
time="2017-04-26T14:47:21+02:00" level=info msg="Firewalld running: false" 
time="2017-04-26T14:47:21+02:00" level=info msg="Firewalld running: false" 
time="2017-04-26T15:47:59.230751988+02:00" level=info msg="Got signal to reload configuration, reloading from: /etc/docker/daemon.json" 
time="2017-04-26T15:47:59.230849641+02:00" level=error msg="open /etc/docker/daemon.json: no such file or directory" 
time="2017-04-26T15:47:59.230897349+02:00" level=info msg="Got signal to reload configuration, reloading from: /etc/docker/daemon.json" 
time="2017-04-26T15:47:59.230915060+02:00" level=error msg="open /etc/docker/daemon.json: no such file or directory" 
time="2017-04-27T16:02:28.572883326+02:00" level=warning msg="Failed to allocate and map port 3000-3000: Error starting userland proxy: listen tcp 0.0.0.0:3000: bind: address already in use" 
time="2017-04-27T16:02:28.794219991+02:00" level=warning msg="failed to cleanup ipc mounts:\nfailed to umount /var/lib/docker/containers/5b4240e7c9c3ec2d1940015b56c87914526ba09f78583b61b72300aa7da2135f/shm: invalid argument" 
time="2017-04-27T16:02:28.805586824+02:00" level=error msg="Handler for POST /v1.22/containers/5b4240e7c9c3ec2d1940015b56c87914526ba09f78583b61b72300aa7da2135f/start returned error: driver failed programming external connectivity on endpoint abgabe_web_1 (0ca77cd631429d04f90d4de62b8f8235ca2760ace6170eccad9dd9c072103102): Error starting userland proxy: listen tcp 0.0.0.0:3000: bind: address already in use" 
time="2017-04-27T16:02:28+02:00" level=info msg="Firewalld running: false" 
time="2017-04-27T16:02:31.415680778+02:00" level=error msg="attach: stdout: write unix /var/run/docker.sock->@: write: broken pipe" 
time="2017-04-27T16:03:19+02:00" level=info msg="Firewalld running: false" 
time="2017-04-27T16:18:14.932775786+02:00" level=error msg="attach failed with error: write unix /var/run/docker.sock->@: write: broken pipe" 
time="2017-04-27T16:18:14.936348745+02:00" level=error msg="Error closing logger: invalid argument" 
time="2017-04-27T16:18:19+02:00" level=info msg="Firewalld running: false" 
time="2017-04-27T16:18:19+02:00" level=info msg="Firewalld running: false" 
time="2017-04-27T16:20:01+02:00" level=info msg="Firewalld running: false" 
time="2017-04-27T16:20:01+02:00" level=info msg="Firewalld running: false" 
time="2017-04-27T16:21:07+02:00" level=info msg="Firewalld running: false" 
time="2017-04-27T16:21:07.734687991+02:00" level=error msg="Handler for POST /v1.22/containers/5b4240e7c9c3ec2d1940015b56c87914526ba09f78583b61b72300aa7da2135f/stop returned error: Container 5b4240e7c9c3ec2d1940015b56c87914526ba09f78583b61b72300aa7da2135f is already stopped" 
time="2017-04-27T16:21:08+02:00" level=info msg="Firewalld running: false" 
time="2017-04-27T16:23:51+02:00" level=info msg="Firewalld running: false" 
time="2017-04-27T16:23:51+02:00" level=info msg="Firewalld running: false" 
time="2017-04-27T16:38:24+02:00" level=info msg="Firewalld running: false" 
time="2017-04-27T16:38:25+02:00" level=info msg="Firewalld running: false" 
time="2017-04-27T16:39:49+02:00" level=info msg="Firewalld running: false" 
time="2017-04-27T16:39:49+02:00" level=info msg="Firewalld running: false" 
time="2017-04-27T16:40:39+02:00" level=info msg="Firewalld running: false" 
time="2017-04-27T16:40:40+02:00" level=info msg="Firewalld running: false" 
time="2017-04-27T16:42:04+02:00" level=info msg="Firewalld running: false" 
time="2017-04-27T16:42:05+02:00" level=info msg="Firewalld running: false" 
time="2017-04-27T16:42:30+02:00" level=info msg="Firewalld running: false" 
time="2017-04-27T16:42:30+02:00" level=info msg="Firewalld running: false" 
time="2017-04-27T16:45:35+02:00" level=info msg="Firewalld running: false" 
time="2017-04-27T16:45:36+02:00" level=info msg="Firewalld running: false" 
time="2017-04-27T16:48:00+02:00" level=info msg="Firewalld running: false" 
time="2017-04-27T16:48:00+02:00" level=info msg="Firewalld running: false" 
time="2017-04-27T16:49:36+02:00" level=info msg="Firewalld running: false" 
time="2017-04-27T16:49:36+02:00" level=info msg="Firewalld running: false" 
time="2017-04-27T16:50:17+02:00" level=info msg="Firewalld running: false" 
time="2017-04-27T16:50:18+02:00" level=info msg="Firewalld running: false" 
time="2017-04-27T16:50:55+02:00" level=info msg="Firewalld running: false" 
time="2017-04-27T16:50:55+02:00" level=info msg="Firewalld running: false" 
time="2017-04-27T16:51:39+02:00" level=info msg="Firewalld running: false" 
time="2017-04-27T16:51:39+02:00" level=info msg="Firewalld running: false" 
time="2017-04-27T16:52:15+02:00" level=info msg="Firewalld running: false" 
time="2017-04-27T16:52:15+02:00" level=info msg="Firewalld running: false" 
time="2017-04-27T16:53:25+02:00" level=info msg="Firewalld running: false" 
time="2017-04-27T16:53:26+02:00" level=info msg="Firewalld running: false" 
time="2017-04-27T16:54:20+02:00" level=info msg="Firewalld running: false" 
time="2017-04-27T16:54:21+02:00" level=info msg="Firewalld running: false" 
time="2017-04-27T16:54:56+02:00" level=info msg="Firewalld running: false" 
time="2017-04-27T16:54:56+02:00" level=info msg="Firewalld running: false" 
time="2017-04-27T16:59:19+02:00" level=info msg="Firewalld running: false" 
time="2017-04-27T16:59:20+02:00" level=info msg="Firewalld running: false" 
time="2017-04-27T17:01:34+02:00" level=info msg="Firewalld running: false" 
time="2017-04-27T17:01:35+02:00" level=info msg="Firewalld running: false" 
time="2017-04-27T17:02:22+02:00" level=info msg="Firewalld running: false" 
time="2017-04-27T17:02:23+02:00" level=info msg="Firewalld running: false" 
time="2017-04-27T17:02:54+02:00" level=info msg="Firewalld running: false" 
time="2017-04-27T17:02:54+02:00" level=info msg="Firewalld running: false" 
time="2017-04-27T17:05:43+02:00" level=info msg="Firewalld running: false" 
time="2017-04-27T17:05:43+02:00" level=info msg="Firewalld running: false" 
time="2017-04-27T17:06:21+02:00" level=info msg="Firewalld running: false" 
time="2017-04-27T17:06:22+02:00" level=info msg="Firewalld running: false" 
time="2017-04-27T17:06:49+02:00" level=info msg="Firewalld running: false" 
time="2017-04-27T17:06:49+02:00" level=info msg="Firewalld running: false" 
time="2017-04-27T17:11:17+02:00" level=info msg="Firewalld running: false" 
time="2017-04-27T17:11:18+02:00" level=info msg="Firewalld running: false" 
time="2017-04-27T17:12:57+02:00" level=info msg="Firewalld running: false" 
time="2017-04-27T17:12:57+02:00" level=info msg="Firewalld running: false" 
time="2017-04-27T17:14:19+02:00" level=info msg="Firewalld running: false" 
time="2017-04-27T17:14:20+02:00" level=info msg="Firewalld running: false" 
time="2017-04-27T17:15:38+02:00" level=info msg="Firewalld running: false" 
time="2017-04-27T17:15:39+02:00" level=info msg="Firewalld running: false" 
time="2017-04-27T17:19:18+02:00" level=info msg="Firewalld running: false" 
time="2017-04-27T17:19:19+02:00" level=info msg="Firewalld running: false" 
time="2017-04-27T17:19:53+02:00" level=info msg="Firewalld running: false" 
time="2017-04-27T17:19:54+02:00" level=info msg="Firewalld running: false" 
time="2017-04-27T17:20:19+02:00" level=info msg="Firewalld running: false" 
time="2017-04-27T17:20:20+02:00" level=info msg="Firewalld running: false" 
time="2017-04-27T17:20:53+02:00" level=info msg="Firewalld running: false" 
time="2017-04-27T17:20:53+02:00" level=info msg="Firewalld running: false" 
time="2017-04-27T17:21:20+02:00" level=info msg="Firewalld running: false" 
time="2017-04-27T17:21:21+02:00" level=info msg="Firewalld running: false" 
time="2017-04-27T17:24:27+02:00" level=info msg="Firewalld running: false" 
time="2017-04-27T17:24:27+02:00" level=info msg="Firewalld running: false" 
time="2017-04-27T17:24:37+02:00" level=info msg="Firewalld running: false" 
time="2017-04-27T17:24:37+02:00" level=info msg="Firewalld running: false" 
time="2017-04-27T17:27:22+02:00" level=info msg="Firewalld running: false" 
time="2017-04-27T17:27:23+02:00" level=info msg="Firewalld running: false" 
time="2017-04-27T17:27:33+02:00" level=info msg="Firewalld running: false" 
time="2017-04-27T17:27:34+02:00" level=info msg="Firewalld running: false" 
time="2017-04-27T17:30:25+02:00" level=info msg="Firewalld running: false" 
time="2017-04-27T17:30:26+02:00" level=info msg="Firewalld running: false" 
time="2017-04-27T17:30:46+02:00" level=info msg="Firewalld running: false" 
time="2017-04-27T17:30:47+02:00" level=info msg="Firewalld running: false" 
time="2017-04-27T17:31:16+02:00" level=info msg="Firewalld running: false" 
time="2017-04-27T17:31:17+02:00" level=info msg="Firewalld running: false" 
time="2017-04-27T17:31:26+02:00" level=info msg="Firewalld running: false" 
time="2017-04-27T17:31:27+02:00" level=info msg="Firewalld running: false" 
time="2017-04-27T17:31:51+02:00" level=info msg="Firewalld running: false" 
time="2017-04-27T17:31:51+02:00" level=info msg="Firewalld running: false" 
time="2017-04-27T17:32:24+02:00" level=info msg="Firewalld running: false" 
time="2017-04-27T17:32:25+02:00" level=info msg="Firewalld running: false" 
time="2017-04-27T17:32:58+02:00" level=info msg="Firewalld running: false" 
time="2017-04-27T17:32:59+02:00" level=info msg="Firewalld running: false" 
time="2017-04-27T17:33:23+02:00" level=info msg="Firewalld running: false" 
time="2017-04-27T17:33:23+02:00" level=info msg="Firewalld running: false" 
time="2017-04-27T17:59:29+02:00" level=info msg="Firewalld running: false" 
time="2017-04-27T17:59:30+02:00" level=info msg="Firewalld running: false" 
time="2017-04-27T18:06:15+02:00" level=info msg="Firewalld running: false" 
time="2017-04-27T18:06:16+02:00" level=info msg="Firewalld running: false" 
time="2017-04-27T18:31:26+02:00" level=info msg="Firewalld running: false" 
time="2017-04-27T18:31:26+02:00" level=info msg="Firewalld running: false" 
time="2017-04-27T18:32:21+02:00" level=info msg="Firewalld running: false" 
time="2017-04-27T18:32:22+02:00" level=info msg="Firewalld running: false" 
time="2017-04-27T18:35:18+02:00" level=info msg="Firewalld running: false" 
time="2017-04-27T18:35:19+02:00" level=info msg="Firewalld running: false" 
time="2017-04-27T18:55:54+02:00" level=info msg="Firewalld running: false" 
time="2017-04-27T18:55:55+02:00" level=info msg="Firewalld running: false" 
time="2017-04-27T18:56:28+02:00" level=info msg="Firewalld running: false" 
time="2017-04-27T18:56:28+02:00" level=info msg="Firewalld running: false" 
time="2017-04-27T18:57:32+02:00" level=info msg="Firewalld running: false" 
time="2017-04-27T18:57:33+02:00" level=info msg="Firewalld running: false" 
time="2017-04-27T18:58:24+02:00" level=info msg="Firewalld running: false" 
time="2017-04-27T18:58:25+02:00" level=info msg="Firewalld running: false" 
time="2017-04-27T19:01:19+02:00" level=info msg="Firewalld running: false" 
time="2017-04-27T19:01:20+02:00" level=info msg="Firewalld running: false" 
time="2017-04-27T19:02:56+02:00" level=info msg="Firewalld running: false" 
time="2017-04-27T19:02:57+02:00" level=info msg="Firewalld running: false" 
time="2017-04-27T19:04:36+02:00" level=info msg="Firewalld running: false" 
time="2017-04-27T19:04:37+02:00" level=info msg="Firewalld running: false" 
time="2017-04-27T19:05:49+02:00" level=info msg="Firewalld running: false" 
time="2017-04-27T19:05:49+02:00" level=info msg="Firewalld running: false" 
time="2017-04-27T19:09:24+02:00" level=info msg="Firewalld running: false" 
time="2017-04-27T19:09:25+02:00" level=info msg="Firewalld running: false" 
time="2017-04-27T19:09:52+02:00" level=info msg="Firewalld running: false" 
time="2017-04-27T19:09:53+02:00" level=info msg="Firewalld running: false" 
time="2017-04-27T19:13:45+02:00" level=info msg="Firewalld running: false" 
time="2017-04-27T19:13:46+02:00" level=info msg="Firewalld running: false" 
time="2017-04-27T19:16:06+02:00" level=info msg="Firewalld running: false" 
time="2017-04-27T19:16:07+02:00" level=info msg="Firewalld running: false" 
time="2017-04-27T19:19:01+02:00" level=info msg="Firewalld running: false" 
time="2017-04-27T19:19:01+02:00" level=info msg="Firewalld running: false" 
time="2017-04-27T19:19:54+02:00" level=info msg="Firewalld running: false" 
time="2017-04-27T19:19:54+02:00" level=info msg="Firewalld running: false" 
time="2017-04-27T19:20:53+02:00" level=info msg="Firewalld running: false" 
time="2017-04-27T19:20:54+02:00" level=info msg="Firewalld running: false" 
time="2017-04-28T16:33:27+02:00" level=info msg="Firewalld running: false" 
time="2017-04-28T16:33:29+02:00" level=info msg="Firewalld running: false" 
time="2017-04-28T16:34:07+02:00" level=info msg="Firewalld running: false" 
time="2017-04-28T16:34:08+02:00" level=info msg="Firewalld running: false" 
time="2017-04-28T16:35:06+02:00" level=info msg="Firewalld running: false" 
time="2017-04-28T16:35:07+02:00" level=info msg="Firewalld running: false" 
time="2017-04-28T16:35:57+02:00" level=info msg="Firewalld running: false" 
time="2017-04-28T16:35:58+02:00" level=info msg="Firewalld running: false" 
time="2017-04-28T16:36:46+02:00" level=info msg="Firewalld running: false" 
time="2017-04-28T16:36:47+02:00" level=info msg="Firewalld running: false" 
time="2017-04-28T16:42:18+02:00" level=info msg="Firewalld running: false" 
time="2017-04-28T16:42:19+02:00" level=info msg="Firewalld running: false" 
time="2017-04-28T16:45:10+02:00" level=info msg="Firewalld running: false" 
time="2017-04-28T16:45:10+02:00" level=info msg="Firewalld running: false" 
time="2017-04-28T16:45:26+02:00" level=info msg="Firewalld running: false" 
time="2017-04-28T16:45:27+02:00" level=info msg="Firewalld running: false" 
time="2017-04-28T16:45:50+02:00" level=info msg="Firewalld running: false" 
time="2017-04-28T16:45:51+02:00" level=info msg="Firewalld running: false" 
time="2017-04-28T16:46:55+02:00" level=info msg="Firewalld running: false" 
time="2017-04-28T16:46:56+02:00" level=info msg="Firewalld running: false" 
time="2017-04-28T16:47:45+02:00" level=info msg="Firewalld running: false" 
time="2017-04-28T16:47:45+02:00" level=info msg="Firewalld running: false" 
time="2017-04-28T16:48:29+02:00" level=info msg="Firewalld running: false" 
time="2017-04-28T16:48:30+02:00" level=info msg="Firewalld running: false" 
time="2017-04-28T16:48:54+02:00" level=info msg="Firewalld running: false" 
time="2017-04-28T16:48:54+02:00" level=info msg="Firewalld running: false" 
time="2017-04-28T16:49:07+02:00" level=info msg="Firewalld running: false" 
time="2017-04-28T16:49:07+02:00" level=info msg="Firewalld running: false" 
time="2017-04-28T16:53:16+02:00" level=info msg="Firewalld running: false" 
time="2017-04-28T16:53:17+02:00" level=info msg="Firewalld running: false" 
time="2017-04-28T16:53:46+02:00" level=info msg="Firewalld running: false" 
time="2017-04-28T16:53:47+02:00" level=info msg="Firewalld running: false" 
time="2017-04-28T16:54:12+02:00" level=info msg="Firewalld running: false" 
time="2017-04-28T16:54:13+02:00" level=info msg="Firewalld running: false" 
time="2017-04-28T16:54:45+02:00" level=info msg="Firewalld running: false" 
time="2017-04-28T16:54:46+02:00" level=info msg="Firewalld running: false" 
time="2017-04-28T16:55:41+02:00" level=info msg="Firewalld running: false" 
time="2017-04-28T16:55:41+02:00" level=info msg="Firewalld running: false" 
time="2017-04-28T16:56:16+02:00" level=info msg="Firewalld running: false" 
time="2017-04-28T16:56:17+02:00" level=info msg="Firewalld running: false" 
time="2017-04-28T16:56:56+02:00" level=info msg="Firewalld running: false" 
time="2017-04-28T16:56:57+02:00" level=info msg="Firewalld running: false" 
time="2017-04-28T16:58:09+02:00" level=info msg="Firewalld running: false" 
time="2017-04-28T16:58:10+02:00" level=info msg="Firewalld running: false" 
time="2017-04-28T16:59:19+02:00" level=info msg="Firewalld running: false" 
time="2017-04-28T16:59:20+02:00" level=info msg="Firewalld running: false" 
time="2017-04-28T17:00:10+02:00" level=info msg="Firewalld running: false" 
time="2017-04-28T17:00:10+02:00" level=info msg="Firewalld running: false" 
time="2017-04-28T17:01:19+02:00" level=info msg="Firewalld running: false" 
time="2017-04-28T17:01:20+02:00" level=info msg="Firewalld running: false" 
time="2017-04-28T17:01:44+02:00" level=info msg="Firewalld running: false" 
time="2017-04-28T17:01:45+02:00" level=info msg="Firewalld running: false" 
time="2017-04-28T17:06:23+02:00" level=info msg="Firewalld running: false" 
time="2017-04-28T17:06:23+02:00" level=info msg="Firewalld running: false" 
time="2017-04-28T17:07:40+02:00" level=info msg="Firewalld running: false" 
time="2017-04-28T17:07:41+02:00" level=info msg="Firewalld running: false" 
time="2017-04-28T17:09:21+02:00" level=info msg="Firewalld running: false" 
time="2017-04-28T17:09:21+02:00" level=info msg="Firewalld running: false" 
time="2017-04-28T17:10:22+02:00" level=info msg="Firewalld running: false" 
time="2017-04-28T17:10:23+02:00" level=info msg="Firewalld running: false" 
time="2017-04-28T17:12:02+02:00" level=info msg="Firewalld running: false" 
time="2017-04-28T17:12:03+02:00" level=info msg="Firewalld running: false" 
time="2017-04-28T17:13:16+02:00" level=info msg="Firewalld running: false" 
time="2017-04-28T17:13:17+02:00" level=info msg="Firewalld running: false" 
time="2017-04-28T17:14:03+02:00" level=info msg="Firewalld running: false" 
time="2017-04-28T17:14:04+02:00" level=info msg="Firewalld running: false" 
time="2017-04-28T17:15:03+02:00" level=info msg="Firewalld running: false" 
time="2017-04-28T17:15:04+02:00" level=info msg="Firewalld running: false" 
time="2017-04-28T17:15:18+02:00" level=info msg="Firewalld running: false" 
time="2017-04-28T17:15:19+02:00" level=info msg="Firewalld running: false" 
time="2017-04-28T17:16:18+02:00" level=info msg="Firewalld running: false" 
time="2017-04-28T17:16:18+02:00" level=info msg="Firewalld running: false" 
time="2017-04-28T17:16:45+02:00" level=info msg="Firewalld running: false" 
time="2017-04-28T17:16:45+02:00" level=info msg="Firewalld running: false" 
time="2017-04-28T17:17:00+02:00" level=info msg="Firewalld running: false" 
time="2017-04-28T17:17:01+02:00" level=info msg="Firewalld running: false" 
time="2017-04-28T17:17:37+02:00" level=info msg="Firewalld running: false" 
time="2017-04-28T17:17:38+02:00" level=info msg="Firewalld running: false" 
time="2017-04-28T17:18:42+02:00" level=info msg="Firewalld running: false" 
time="2017-04-28T17:18:43+02:00" level=info msg="Firewalld running: false" 
time="2017-04-28T17:19:30+02:00" level=info msg="Firewalld running: false" 
time="2017-04-28T17:19:31+02:00" level=info msg="Firewalld running: false" 
time="2017-04-28T17:20:21+02:00" level=info msg="Firewalld running: false" 
time="2017-04-28T17:20:21+02:00" level=info msg="Firewalld running: false" 
time="2017-04-28T17:20:43+02:00" level=info msg="Firewalld running: false" 
time="2017-04-28T17:20:44+02:00" level=info msg="Firewalld running: false" 
time="2017-04-28T17:21:09+02:00" level=info msg="Firewalld running: false" 
time="2017-04-28T17:21:10+02:00" level=info msg="Firewalld running: false" 
time="2017-04-28T17:22:11+02:00" level=info msg="Firewalld running: false" 
time="2017-04-28T17:22:12+02:00" level=info msg="Firewalld running: false" 
time="2017-04-28T17:22:49+02:00" level=info msg="Firewalld running: false" 
time="2017-04-28T17:22:50+02:00" level=info msg="Firewalld running: false" 
time="2017-04-28T17:23:44+02:00" level=info msg="Firewalld running: false" 
time="2017-04-28T17:23:44+02:00" level=info msg="Firewalld running: false" 
time="2017-04-28T17:24:03+02:00" level=info msg="Firewalld running: false" 
time="2017-04-28T17:24:03+02:00" level=info msg="Firewalld running: false" 
time="2017-04-28T17:24:53+02:00" level=info msg="Firewalld running: false" 
time="2017-04-28T17:24:54+02:00" level=info msg="Firewalld running: false" 
time="2017-04-28T17:25:19+02:00" level=info msg="Firewalld running: false" 
time="2017-04-28T17:25:19+02:00" level=info msg="Firewalld running: false" 
time="2017-04-28T17:27:20+02:00" level=info msg="Firewalld running: false" 
time="2017-04-28T17:27:21+02:00" level=info msg="Firewalld running: false" 
time="2017-04-28T17:27:49+02:00" level=info msg="Firewalld running: false" 
time="2017-04-28T17:27:49+02:00" level=info msg="Firewalld running: false" 
time="2017-04-28T17:32:09+02:00" level=info msg="Firewalld running: false" 
time="2017-04-28T17:32:10+02:00" level=info msg="Firewalld running: false" 
time="2017-04-28T17:32:26+02:00" level=info msg="Firewalld running: false" 
time="2017-04-28T17:32:27+02:00" level=info msg="Firewalld running: false" 
time="2017-04-28T17:37:45+02:00" level=info msg="Firewalld running: false" 
time="2017-04-28T17:37:46+02:00" level=info msg="Firewalld running: false" 
time="2017-04-28T17:38:18+02:00" level=info msg="Firewalld running: false" 
time="2017-04-28T17:38:19+02:00" level=info msg="Firewalld running: false" 
time="2017-04-28T17:43:53+02:00" level=info msg="Firewalld running: false" 
time="2017-04-28T17:43:54+02:00" level=info msg="Firewalld running: false" 
time="2017-04-28T17:46:18+02:00" level=info msg="Firewalld running: false" 
time="2017-04-28T17:46:19+02:00" level=info msg="Firewalld running: false" 
time="2017-04-28T17:47:37+02:00" level=info msg="Firewalld running: false" 
time="2017-04-28T17:47:38+02:00" level=info msg="Firewalld running: false" 
time="2017-04-28T17:48:18+02:00" level=info msg="Firewalld running: false" 
time="2017-04-28T17:48:19+02:00" level=info msg="Firewalld running: false" 
time="2017-04-28T17:48:59+02:00" level=info msg="Firewalld running: false" 
time="2017-04-28T17:49:00+02:00" level=info msg="Firewalld running: false" 
time="2017-04-28T17:50:00+02:00" level=info msg="Firewalld running: false" 
time="2017-04-28T17:50:01+02:00" level=info msg="Firewalld running: false" 
time="2017-04-28T17:51:10+02:00" level=info msg="Firewalld running: false" 
time="2017-04-28T17:51:10+02:00" level=info msg="Firewalld running: false" 
time="2017-04-28T17:51:33+02:00" level=info msg="Firewalld running: false" 
time="2017-04-28T17:51:33+02:00" level=info msg="Firewalld running: false" 
time="2017-04-28T17:54:01+02:00" level=info msg="Firewalld running: false" 
time="2017-04-28T17:54:01+02:00" level=info msg="Firewalld running: false" 
time="2017-04-28T17:54:39+02:00" level=info msg="Firewalld running: false" 
time="2017-04-28T17:54:40+02:00" level=info msg="Firewalld running: false" 
time="2017-04-28T17:54:55+02:00" level=info msg="Firewalld running: false" 
time="2017-04-28T17:54:56+02:00" level=info msg="Firewalld running: false" 
time="2017-04-28T18:00:28+02:00" level=info msg="Firewalld running: false" 
time="2017-04-28T18:00:29+02:00" level=info msg="Firewalld running: false" 
time="2017-04-28T18:01:10+02:00" level=info msg="Firewalld running: false" 
time="2017-04-28T18:01:10+02:00" level=info msg="Firewalld running: false" 
time="2017-04-28T18:01:40+02:00" level=info msg="Firewalld running: false" 
time="2017-04-28T18:01:40+02:00" level=info msg="Firewalld running: false" 
time="2017-04-28T18:02:05+02:00" level=info msg="Firewalld running: false" 
time="2017-04-28T18:02:06+02:00" level=info msg="Firewalld running: false" 
time="2017-04-28T18:04:36+02:00" level=info msg="Firewalld running: false" 
time="2017-04-28T18:04:36+02:00" level=info msg="Firewalld running: false" 
time="2017-04-28T18:05:40+02:00" level=info msg="Firewalld running: false" 
time="2017-04-28T18:05:41+02:00" level=info msg="Firewalld running: false" 
time="2017-04-28T18:08:07+02:00" level=info msg="Firewalld running: false" 
time="2017-04-28T18:08:08+02:00" level=info msg="Firewalld running: false" 
time="2017-04-28T18:08:29+02:00" level=info msg="Firewalld running: false" 
time="2017-04-28T18:08:30+02:00" level=info msg="Firewalld running: false" 
time="2017-04-28T18:08:48+02:00" level=info msg="Firewalld running: false" 
time="2017-04-28T18:08:48+02:00" level=info msg="Firewalld running: false" 
time="2017-04-28T18:09:17+02:00" level=info msg="Firewalld running: false" 
time="2017-04-28T18:09:18+02:00" level=info msg="Firewalld running: false" 
time="2017-04-28T18:09:33+02:00" level=info msg="Firewalld running: false" 
time="2017-04-28T18:09:33+02:00" level=info msg="Firewalld running: false" 
time="2017-04-28T18:10:14+02:00" level=info msg="Firewalld running: false" 
time="2017-04-28T18:10:15+02:00" level=info msg="Firewalld running: false" 
time="2017-04-28T18:10:54+02:00" level=info msg="Firewalld running: false" 
time="2017-04-28T18:10:55+02:00" level=info msg="Firewalld running: false" 
time="2017-04-28T18:11:11+02:00" level=info msg="Firewalld running: false" 
time="2017-04-28T18:11:12+02:00" level=info msg="Firewalld running: false" 
time="2017-04-28T18:12:21+02:00" level=info msg="Firewalld running: false" 
time="2017-04-28T18:12:22+02:00" level=info msg="Firewalld running: false" 
time="2017-04-28T18:12:45+02:00" level=info msg="Firewalld running: false" 
time="2017-04-28T18:12:45+02:00" level=info msg="Firewalld running: false" 
time="2017-04-28T18:13:04+02:00" level=info msg="Firewalld running: false" 
time="2017-04-28T18:13:05+02:00" level=info msg="Firewalld running: false" 
time="2017-04-28T18:13:57+02:00" level=info msg="Firewalld running: false" 
time="2017-04-28T18:13:58+02:00" level=info msg="Firewalld running: false" 
time="2017-04-28T18:14:34+02:00" level=info msg="Firewalld running: false" 
time="2017-04-28T18:14:35+02:00" level=info msg="Firewalld running: false" 
time="2017-04-28T18:15:29+02:00" level=info msg="Firewalld running: false" 
time="2017-04-28T18:15:30+02:00" level=info msg="Firewalld running: false" 
time="2017-04-28T18:17:47+02:00" level=info msg="Firewalld running: false" 
time="2017-04-28T18:17:48+02:00" level=info msg="Firewalld running: false" 
time="2017-04-28T18:19:43+02:00" level=info msg="Firewalld running: false" 
time="2017-04-28T18:19:44+02:00" level=info msg="Firewalld running: false" 
time="2017-04-28T18:26:46+02:00" level=info msg="Firewalld running: false" 
time="2017-04-28T18:26:47+02:00" level=info msg="Firewalld running: false" 
time="2017-04-28T18:27:03+02:00" level=info msg="Firewalld running: false" 
time="2017-04-28T18:27:04+02:00" level=info msg="Firewalld running: false" 
time="2017-04-28T18:27:40+02:00" level=info msg="Firewalld running: false" 
time="2017-04-28T18:27:41+02:00" level=info msg="Firewalld running: false" 
time="2017-04-28T18:28:52+02:00" level=info msg="Firewalld running: false" 
time="2017-04-28T18:28:53+02:00" level=info msg="Firewalld running: false" 
time="2017-04-28T18:29:12+02:00" level=info msg="Firewalld running: false" 
time="2017-04-28T18:29:13+02:00" level=info msg="Firewalld running: false" 
time="2017-04-28T18:30:11+02:00" level=info msg="Firewalld running: false" 
time="2017-04-28T18:30:12+02:00" level=info msg="Firewalld running: false" 
time="2017-04-28T18:30:32+02:00" level=info msg="Firewalld running: false" 
time="2017-04-28T18:30:33+02:00" level=info msg="Firewalld running: false" 
time="2017-04-28T18:46:17+02:00" level=info msg="Firewalld running: false" 
time="2017-04-28T18:46:18+02:00" level=info msg="Firewalld running: false" 
time="2017-04-28T18:47:19+02:00" level=info msg="Firewalld running: false" 
time="2017-04-28T18:47:20+02:00" level=info msg="Firewalld running: false" 
time="2017-04-28T18:51:34+02:00" level=info msg="Firewalld running: false" 
time="2017-04-28T18:51:34+02:00" level=info msg="Firewalld running: false" 
time="2017-04-28T18:57:59+02:00" level=info msg="Firewalld running: false" 
time="2017-04-28T18:58:00+02:00" level=info msg="Firewalld running: false" 
time="2017-04-28T19:19:49+02:00" level=info msg="Firewalld running: false" 
time="2017-04-28T19:19:50+02:00" level=info msg="Firewalld running: false" 
time="2017-04-28T19:21:15+02:00" level=info msg="Firewalld running: false" 
time="2017-04-28T19:21:16+02:00" level=info msg="Firewalld running: false" 
time="2017-04-28T19:22:01+02:00" level=info msg="Firewalld running: false" 
time="2017-04-28T19:22:02+02:00" level=info msg="Firewalld running: false" 
time="2017-04-28T19:22:39+02:00" level=info msg="Firewalld running: false" 
time="2017-04-28T19:22:40+02:00" level=info msg="Firewalld running: false" 
time="2017-04-28T19:23:43+02:00" level=info msg="Firewalld running: false" 
time="2017-04-28T19:23:44+02:00" level=info msg="Firewalld running: false" 
time="2017-04-28T19:29:56+02:00" level=info msg="Firewalld running: false" 
time="2017-04-28T19:29:57+02:00" level=info msg="Firewalld running: false" 
time="2017-04-28T19:30:27+02:00" level=info msg="Firewalld running: false" 
time="2017-04-28T19:30:27+02:00" level=info msg="Firewalld running: false" 
time="2017-04-28T19:31:03+02:00" level=info msg="Firewalld running: false" 
time="2017-04-28T19:31:03+02:00" level=info msg="Firewalld running: false" 
time="2017-04-28T19:32:23+02:00" level=info msg="Firewalld running: false" 
time="2017-04-28T19:32:24+02:00" level=info msg="Firewalld running: false" 
time="2017-04-28T19:36:51+02:00" level=info msg="Firewalld running: false" 
time="2017-04-28T19:36:52+02:00" level=info msg="Firewalld running: false" 
time="2017-04-28T19:37:42+02:00" level=info msg="Firewalld running: false" 
time="2017-04-28T19:37:43+02:00" level=info msg="Firewalld running: false" 
time="2017-04-28T19:39:41+02:00" level=info msg="Firewalld running: false" 
time="2017-04-28T19:39:42+02:00" level=info msg="Firewalld running: false" 
time="2017-04-28T19:40:03+02:00" level=info msg="Firewalld running: false" 
time="2017-04-28T19:40:03+02:00" level=info msg="Firewalld running: false" 
time="2017-04-28T19:40:46+02:00" level=info msg="Firewalld running: false" 
time="2017-04-28T19:40:47+02:00" level=info msg="Firewalld running: false" 
time="2017-04-28T19:41:40+02:00" level=info msg="Firewalld running: false" 
time="2017-04-28T19:41:40+02:00" level=info msg="Firewalld running: false" 
time="2017-04-28T19:42:31+02:00" level=info msg="Firewalld running: false" 
time="2017-04-28T19:42:31+02:00" level=info msg="Firewalld running: false" 
time="2017-04-28T19:43:05+02:00" level=info msg="Firewalld running: false" 
time="2017-04-28T19:43:05+02:00" level=info msg="Firewalld running: false" 
time="2017-04-28T19:44:12+02:00" level=info msg="Firewalld running: false" 
time="2017-04-28T19:44:13+02:00" level=info msg="Firewalld running: false" 
time="2017-04-28T19:45:35+02:00" level=info msg="Firewalld running: false" 
time="2017-04-28T19:45:35+02:00" level=info msg="Firewalld running: false" 
time="2017-04-28T19:45:50+02:00" level=info msg="Firewalld running: false" 
time="2017-04-28T19:45:51+02:00" level=info msg="Firewalld running: false" 
time="2017-04-28T19:46:24+02:00" level=info msg="Firewalld running: false" 
time="2017-04-28T19:46:25+02:00" level=info msg="Firewalld running: false" 
time="2017-04-28T19:47:05+02:00" level=info msg="Firewalld running: false" 
time="2017-04-28T19:47:06+02:00" level=info msg="Firewalld running: false" 
time="2017-04-28T19:47:29+02:00" level=info msg="Firewalld running: false" 
time="2017-04-28T19:47:29+02:00" level=info msg="Firewalld running: false" 
time="2017-04-28T19:47:47+02:00" level=info msg="Firewalld running: false" 
time="2017-04-28T19:47:48+02:00" level=info msg="Firewalld running: false" 
time="2017-04-28T19:48:17+02:00" level=info msg="Firewalld running: false" 
time="2017-04-28T19:48:17+02:00" level=info msg="Firewalld running: false" 
time="2017-04-28T19:48:38+02:00" level=info msg="Firewalld running: false" 
time="2017-04-28T19:48:39+02:00" level=info msg="Firewalld running: false" 
time="2017-04-28T19:51:12+02:00" level=info msg="Firewalld running: false" 
time="2017-04-28T19:51:13+02:00" level=info msg="Firewalld running: false" 
time="2017-04-28T19:51:32+02:00" level=info msg="Firewalld running: false" 
time="2017-04-28T19:51:33+02:00" level=info msg="Firewalld running: false" 
time="2017-04-28T19:52:30+02:00" level=info msg="Firewalld running: false" 
time="2017-04-28T19:52:31+02:00" level=info msg="Firewalld running: false" 
time="2017-04-28T19:52:54+02:00" level=info msg="Firewalld running: false" 
time="2017-04-28T19:52:55+02:00" level=info msg="Firewalld running: false" 
time="2017-04-28T19:53:43+02:00" level=info msg="Firewalld running: false" 
time="2017-04-28T19:53:44+02:00" level=info msg="Firewalld running: false" 
time="2017-04-28T19:54:24+02:00" level=info msg="Firewalld running: false" 
time="2017-04-28T19:54:24+02:00" level=info msg="Firewalld running: false" 
time="2017-04-28T19:54:43+02:00" level=info msg="Firewalld running: false" 
time="2017-04-28T19:54:43+02:00" level=info msg="Firewalld running: false" 
time="2017-04-28T19:56:31+02:00" level=info msg="Firewalld running: false" 
time="2017-04-28T19:56:32+02:00" level=info msg="Firewalld running: false" 
time="2017-04-28T19:57:33+02:00" level=info msg="Firewalld running: false" 
time="2017-04-28T19:57:33+02:00" level=info msg="Firewalld running: false" 
time="2017-04-28T19:59:11+02:00" level=info msg="Firewalld running: false" 
time="2017-04-28T19:59:12+02:00" level=info msg="Firewalld running: false" 
time="2017-04-28T20:00:12+02:00" level=info msg="Firewalld running: false" 
time="2017-04-28T20:00:13+02:00" level=info msg="Firewalld running: false" 
time="2017-04-28T20:00:40+02:00" level=info msg="Firewalld running: false" 
time="2017-04-28T20:00:41+02:00" level=info msg="Firewalld running: false" 
time="2017-04-28T20:03:06+02:00" level=info msg="Firewalld running: false" 
time="2017-04-28T20:03:07+02:00" level=info msg="Firewalld running: false" 
time="2017-04-28T20:03:56+02:00" level=info msg="Firewalld running: false" 
time="2017-04-28T20:03:57+02:00" level=info msg="Firewalld running: false" 
time="2017-04-28T20:04:11+02:00" level=info msg="Firewalld running: false" 
time="2017-04-28T20:04:12+02:00" level=info msg="Firewalld running: false" 
time="2017-04-28T20:04:28+02:00" level=info msg="Firewalld running: false" 
time="2017-04-28T20:04:28+02:00" level=info msg="Firewalld running: false" 
time="2017-04-28T20:05:10+02:00" level=info msg="Firewalld running: false" 
time="2017-04-28T20:05:11+02:00" level=info msg="Firewalld running: false" 
time="2017-04-28T20:05:48+02:00" level=info msg="Firewalld running: false" 
time="2017-04-28T20:05:49+02:00" level=info msg="Firewalld running: false" 
time="2017-04-28T20:06:07+02:00" level=info msg="Firewalld running: false" 
time="2017-04-28T20:06:07+02:00" level=info msg="Firewalld running: false" 
time="2017-04-28T20:06:51+02:00" level=info msg="Firewalld running: false" 
time="2017-04-28T20:06:52+02:00" level=info msg="Firewalld running: false" 
time="2017-04-28T20:07:04+02:00" level=info msg="Firewalld running: false" 
time="2017-04-28T20:07:05+02:00" level=info msg="Firewalld running: false" 
time="2017-04-28T20:08:19+02:00" level=info msg="Firewalld running: false" 
time="2017-04-28T20:08:20+02:00" level=info msg="Firewalld running: false" 
time="2017-04-28T20:08:47+02:00" level=info msg="Firewalld running: false" 
time="2017-04-28T20:08:48+02:00" level=info msg="Firewalld running: false" 
time="2017-04-28T20:10:38+02:00" level=info msg="Firewalld running: false" 
time="2017-04-28T20:10:38+02:00" level=info msg="Firewalld running: false" 
time="2017-04-28T20:11:16+02:00" level=info msg="Firewalld running: false" 
time="2017-04-28T20:11:17+02:00" level=info msg="Firewalld running: false" 
time="2017-04-28T20:11:56+02:00" level=info msg="Firewalld running: false" 
time="2017-04-28T20:11:57+02:00" level=info msg="Firewalld running: false" 
time="2017-04-28T20:12:19+02:00" level=info msg="Firewalld running: false" 
time="2017-04-28T20:12:19+02:00" level=info msg="Firewalld running: false" 
time="2017-04-28T20:12:57+02:00" level=info msg="Firewalld running: false" 
time="2017-04-28T20:12:57+02:00" level=info msg="Firewalld running: false" 
time="2017-04-28T20:14:07+02:00" level=info msg="Firewalld running: false" 
time="2017-04-28T20:14:08+02:00" level=info msg="Firewalld running: false" 
time="2017-04-28T20:15:09+02:00" level=info msg="Firewalld running: false" 
time="2017-04-28T20:15:10+02:00" level=info msg="Firewalld running: false" 
time="2017-04-28T20:15:42+02:00" level=info msg="Firewalld running: false" 
time="2017-04-28T20:15:43+02:00" level=info msg="Firewalld running: false" 
time="2017-04-28T20:17:27+02:00" level=info msg="Firewalld running: false" 
time="2017-04-28T20:17:28+02:00" level=info msg="Firewalld running: false" 
time="2017-04-28T20:18:05+02:00" level=info msg="Firewalld running: false" 
time="2017-04-28T20:18:06+02:00" level=info msg="Firewalld running: false" 
time="2017-04-28T20:18:47+02:00" level=info msg="Firewalld running: false" 
time="2017-04-28T20:18:48+02:00" level=info msg="Firewalld running: false" 
time="2017-04-28T20:20:11+02:00" level=info msg="Firewalld running: false" 
time="2017-04-28T20:20:12+02:00" level=info msg="Firewalld running: false" 
time="2017-04-28T20:20:31+02:00" level=info msg="Firewalld running: false" 
time="2017-04-28T20:20:32+02:00" level=info msg="Firewalld running: false" 
time="2017-04-28T20:21:01+02:00" level=info msg="Firewalld running: false" 
time="2017-04-28T20:21:02+02:00" level=info msg="Firewalld running: false" 
time="2017-04-28T20:21:20+02:00" level=info msg="Firewalld running: false" 
time="2017-04-28T20:21:21+02:00" level=info msg="Firewalld running: false" 
time="2017-04-28T20:21:57+02:00" level=info msg="Firewalld running: false" 
time="2017-04-28T20:21:58+02:00" level=info msg="Firewalld running: false" 
time="2017-04-28T20:22:17+02:00" level=info msg="Firewalld running: false" 
time="2017-04-28T20:22:17+02:00" level=info msg="Firewalld running: false" 
time="2017-04-28T20:23:33+02:00" level=info msg="Firewalld running: false" 
time="2017-04-28T20:23:34+02:00" level=info msg="Firewalld running: false" 
time="2017-04-28T20:24:43+02:00" level=info msg="Firewalld running: false" 
time="2017-04-28T20:24:44+02:00" level=info msg="Firewalld running: false" 
time="2017-04-28T20:25:03+02:00" level=info msg="Firewalld running: false" 
time="2017-04-28T20:25:04+02:00" level=info msg="Firewalld running: false" 
time="2017-04-28T20:27:37+02:00" level=info msg="Firewalld running: false" 
time="2017-04-28T20:27:38+02:00" level=info msg="Firewalld running: false" 
time="2017-04-28T20:28:09+02:00" level=info msg="Firewalld running: false" 
time="2017-04-28T20:28:10+02:00" level=info msg="Firewalld running: false" 
time="2017-04-28T20:28:42+02:00" level=info msg="Firewalld running: false" 
time="2017-04-28T20:28:43+02:00" level=info msg="Firewalld running: false" 
time="2017-04-28T20:28:57+02:00" level=info msg="Firewalld running: false" 
time="2017-04-28T20:28:57+02:00" level=info msg="Firewalld running: false" 
time="2017-04-28T20:29:21+02:00" level=info msg="Firewalld running: false" 
time="2017-04-28T20:29:22+02:00" level=info msg="Firewalld running: false" 
time="2017-04-28T20:29:40+02:00" level=info msg="Firewalld running: false" 
time="2017-04-28T20:29:40+02:00" level=info msg="Firewalld running: false" 
time="2017-04-28T20:30:02+02:00" level=info msg="Firewalld running: false" 
time="2017-04-28T20:30:03+02:00" level=info msg="Firewalld running: false" 
time="2017-04-28T20:30:42+02:00" level=info msg="Firewalld running: false" 
time="2017-04-28T20:30:43+02:00" level=info msg="Firewalld running: false" 
time="2017-04-28T20:31:04+02:00" level=info msg="Firewalld running: false" 
time="2017-04-28T20:31:05+02:00" level=info msg="Firewalld running: false" 
time="2017-04-28T20:31:16.673279662+02:00" level=info msg="Container 2dab21d6f7fbc545fa5ff22aaf8bee4cb61d6327d3f2a921857895553fcf1e44 failed to exit within 10 seconds of signal 15 - using the force" 
time="2017-04-28T20:31:20+02:00" level=info msg="Firewalld running: false" 
time="2017-04-28T20:31:21+02:00" level=info msg="Firewalld running: false" 
time="2017-04-28T20:31:43+02:00" level=info msg="Firewalld running: false" 
time="2017-04-28T20:31:43+02:00" level=info msg="Firewalld running: false" 
time="2017-04-28T20:31:58+02:00" level=info msg="Firewalld running: false" 
time="2017-04-28T20:31:59+02:00" level=info msg="Firewalld running: false" 
time="2017-04-28T20:32:12+02:00" level=info msg="Firewalld running: false" 
time="2017-04-28T20:32:12+02:00" level=info msg="Firewalld running: false" 
time="2017-04-28T20:32:55+02:00" level=info msg="Firewalld running: false" 
time="2017-04-28T20:32:55+02:00" level=info msg="Firewalld running: false" 
time="2017-04-28T20:33:09+02:00" level=info msg="Firewalld running: false" 
time="2017-04-28T20:33:10+02:00" level=info msg="Firewalld running: false" 
time="2017-04-28T20:33:28+02:00" level=info msg="Firewalld running: false" 
time="2017-04-28T20:33:28+02:00" level=info msg="Firewalld running: false" 
time="2017-04-28T20:33:48+02:00" level=info msg="Firewalld running: false" 
time="2017-04-28T20:33:48+02:00" level=info msg="Firewalld running: false" 
time="2017-04-28T20:34:57+02:00" level=info msg="Firewalld running: false" 
time="2017-04-28T20:34:58+02:00" level=info msg="Firewalld running: false" 
time="2017-04-28T20:35:18+02:00" level=info msg="Firewalld running: false" 
time="2017-04-28T20:35:19+02:00" level=info msg="Firewalld running: false" 
time="2017-04-28T20:35:49+02:00" level=info msg="Firewalld running: false" 
time="2017-04-28T20:35:50+02:00" level=info msg="Firewalld running: false" 
time="2017-04-28T20:36:07+02:00" level=info msg="Firewalld running: false" 
time="2017-04-28T20:36:08+02:00" level=info msg="Firewalld running: false" 
time="2017-04-28T20:36:29+02:00" level=info msg="Firewalld running: false" 
time="2017-04-28T20:36:30+02:00" level=info msg="Firewalld running: false" 
time="2017-04-28T20:37:10+02:00" level=info msg="Firewalld running: false" 
time="2017-04-28T20:37:11+02:00" level=info msg="Firewalld running: false" 
time="2017-04-28T20:37:36+02:00" level=info msg="Firewalld running: false" 
time="2017-04-28T20:37:37+02:00" level=info msg="Firewalld running: false" 
time="2017-04-28T20:38:50+02:00" level=info msg="Firewalld running: false" 
time="2017-04-28T20:38:51+02:00" level=info msg="Firewalld running: false" 
time="2017-04-28T20:40:19+02:00" level=info msg="Firewalld running: false" 
time="2017-04-28T20:40:19+02:00" level=info msg="Firewalld running: false" 
time="2017-04-28T20:41:14+02:00" level=info msg="Firewalld running: false" 
time="2017-04-28T20:41:15+02:00" level=info msg="Firewalld running: false" 
time="2017-04-28T20:41:32+02:00" level=info msg="Firewalld running: false" 
time="2017-04-28T20:41:33+02:00" level=info msg="Firewalld running: false" 
time="2017-04-28T20:42:01+02:00" level=info msg="Firewalld running: false" 
time="2017-04-28T20:42:02+02:00" level=info msg="Firewalld running: false" 
time="2017-04-28T20:42:22+02:00" level=info msg="Firewalld running: false" 
time="2017-04-28T20:42:23+02:00" level=info msg="Firewalld running: false" 
time="2017-04-28T20:42:41.193177376+02:00" level=error msg="Handler for GET /v1.22/containers/2dab21d6f7fbc545fa5ff22aaf8bee4cb61d6327d3f2a921857895553fcf1e44/json returned error: write unix /var/run/docker.sock->@: write: broken pipe" 
2017-04-28 20:42:41.193292 I | http: multiple response.WriteHeader calls
time="2017-04-28T20:42:43+02:00" level=info msg="Firewalld running: false" 
time="2017-04-28T20:42:48.594372570+02:00" level=error msg="attach: stdout: write unix /var/run/docker.sock->@: write: broken pipe" 
time="2017-04-28T20:42:54.714803800+02:00" level=error msg="attach failed with error: write unix /var/run/docker.sock->@: write: broken pipe" 
time="2017-04-28T20:42:54.717666150+02:00" level=error msg="Error closing logger: invalid argument" 
time="2017-04-28T20:42:59+02:00" level=info msg="Firewalld running: false" 
time="2017-04-28T20:43:00+02:00" level=info msg="Firewalld running: false" 
time="2017-04-28T20:59:27.584998060+02:00" level=info msg="No non-localhost DNS nameservers are left in resolv.conf. Using default external servers: [nameserver 8.8.8.8 nameserver 8.8.4.4]" 
time="2017-04-28T20:59:27.585114674+02:00" level=info msg="IPv6 enabled; Adding default IPv6 external servers: [nameserver 2001:4860:4860::8888 nameserver 2001:4860:4860::8844]" 
time="2017-04-28T20:59:27+02:00" level=info msg="Firewalld running: false" 
time="2017-04-28T20:59:28.057933274+02:00" level=info msg="No non-localhost DNS nameservers are left in resolv.conf. Using default external servers: [nameserver 8.8.8.8 nameserver 8.8.4.4]" 
time="2017-04-28T20:59:28.058028858+02:00" level=info msg="IPv6 enabled; Adding default IPv6 external servers: [nameserver 2001:4860:4860::8888 nameserver 2001:4860:4860::8844]" 
time="2017-04-28T20:59:28+02:00" level=info msg="Firewalld running: false" 
time="2017-04-28T21:01:10.590780588+02:00" level=info msg="No non-localhost DNS nameservers are left in resolv.conf. Using default external servers: [nameserver 8.8.8.8 nameserver 8.8.4.4]" 
time="2017-04-28T21:01:10.590951232+02:00" level=info msg="IPv6 enabled; Adding default IPv6 external servers: [nameserver 2001:4860:4860::8888 nameserver 2001:4860:4860::8844]" 
time="2017-04-28T21:01:10+02:00" level=info msg="Firewalld running: false" 
time="2017-04-28T21:01:11.132916296+02:00" level=info msg="No non-localhost DNS nameservers are left in resolv.conf. Using default external servers: [nameserver 8.8.8.8 nameserver 8.8.4.4]" 
time="2017-04-28T21:01:11.132978420+02:00" level=info msg="IPv6 enabled; Adding default IPv6 external servers: [nameserver 2001:4860:4860::8888 nameserver 2001:4860:4860::8844]" 
time="2017-04-28T21:01:11+02:00" level=info msg="Firewalld running: false" 
time="2017-04-28T21:01:54.117789856+02:00" level=info msg="No non-localhost DNS nameservers are left in resolv.conf. Using default external servers: [nameserver 8.8.8.8 nameserver 8.8.4.4]" 
time="2017-04-28T21:01:54.117912035+02:00" level=info msg="IPv6 enabled; Adding default IPv6 external servers: [nameserver 2001:4860:4860::8888 nameserver 2001:4860:4860::8844]" 
time="2017-04-28T21:01:54+02:00" level=info msg="Firewalld running: false" 
time="2017-04-28T21:01:54.624892658+02:00" level=info msg="No non-localhost DNS nameservers are left in resolv.conf. Using default external servers: [nameserver 8.8.8.8 nameserver 8.8.4.4]" 
time="2017-04-28T21:01:54.625074219+02:00" level=info msg="IPv6 enabled; Adding default IPv6 external servers: [nameserver 2001:4860:4860::8888 nameserver 2001:4860:4860::8844]" 
time="2017-04-28T21:01:54+02:00" level=info msg="Firewalld running: false" 
time="2017-04-28T21:02:18.536659104+02:00" level=info msg="No non-localhost DNS nameservers are left in resolv.conf. Using default external servers: [nameserver 8.8.8.8 nameserver 8.8.4.4]" 
time="2017-04-28T21:02:18.536779007+02:00" level=info msg="IPv6 enabled; Adding default IPv6 external servers: [nameserver 2001:4860:4860::8888 nameserver 2001:4860:4860::8844]" 
time="2017-04-28T21:02:18+02:00" level=info msg="Firewalld running: false" 
time="2017-04-28T21:02:18.928022274+02:00" level=info msg="No non-localhost DNS nameservers are left in resolv.conf. Using default external servers: [nameserver 8.8.8.8 nameserver 8.8.4.4]" 
time="2017-04-28T21:02:18.928090792+02:00" level=info msg="IPv6 enabled; Adding default IPv6 external servers: [nameserver 2001:4860:4860::8888 nameserver 2001:4860:4860::8844]" 
time="2017-04-28T21:02:19+02:00" level=info msg="Firewalld running: false" 
time="2017-04-28T21:04:15.681903805+02:00" level=info msg="No non-localhost DNS nameservers are left in resolv.conf. Using default external servers: [nameserver 8.8.8.8 nameserver 8.8.4.4]" 
time="2017-04-28T21:04:15.682061133+02:00" level=info msg="IPv6 enabled; Adding default IPv6 external servers: [nameserver 2001:4860:4860::8888 nameserver 2001:4860:4860::8844]" 
time="2017-04-28T21:04:15+02:00" level=info msg="Firewalld running: false" 
time="2017-04-28T21:04:16.160577829+02:00" level=info msg="No non-localhost DNS nameservers are left in resolv.conf. Using default external servers: [nameserver 8.8.8.8 nameserver 8.8.4.4]" 
time="2017-04-28T21:04:16.160651371+02:00" level=info msg="IPv6 enabled; Adding default IPv6 external servers: [nameserver 2001:4860:4860::8888 nameserver 2001:4860:4860::8844]" 
time="2017-04-28T21:04:16+02:00" level=info msg="Firewalld running: false" 
time="2017-04-28T21:04:36.245518889+02:00" level=info msg="No non-localhost DNS nameservers are left in resolv.conf. Using default external servers: [nameserver 8.8.8.8 nameserver 8.8.4.4]" 
time="2017-04-28T21:04:36.245655014+02:00" level=info msg="IPv6 enabled; Adding default IPv6 external servers: [nameserver 2001:4860:4860::8888 nameserver 2001:4860:4860::8844]" 
time="2017-04-28T21:04:36+02:00" level=info msg="Firewalld running: false" 
time="2017-04-28T21:04:36.677985372+02:00" level=info msg="No non-localhost DNS nameservers are left in resolv.conf. Using default external servers: [nameserver 8.8.8.8 nameserver 8.8.4.4]" 
time="2017-04-28T21:04:36.678055761+02:00" level=info msg="IPv6 enabled; Adding default IPv6 external servers: [nameserver 2001:4860:4860::8888 nameserver 2001:4860:4860::8844]" 
time="2017-04-28T21:04:37+02:00" level=info msg="Firewalld running: false" 
time="2017-04-28T21:05:23.659583667+02:00" level=info msg="No non-localhost DNS nameservers are left in resolv.conf. Using default external servers: [nameserver 8.8.8.8 nameserver 8.8.4.4]" 
time="2017-04-28T21:05:23.659765706+02:00" level=info msg="IPv6 enabled; Adding default IPv6 external servers: [nameserver 2001:4860:4860::8888 nameserver 2001:4860:4860::8844]" 
time="2017-04-28T21:05:23+02:00" level=info msg="Firewalld running: false" 
time="2017-04-28T21:05:24.091154341+02:00" level=info msg="No non-localhost DNS nameservers are left in resolv.conf. Using default external servers: [nameserver 8.8.8.8 nameserver 8.8.4.4]" 
time="2017-04-28T21:05:24.091223677+02:00" level=info msg="IPv6 enabled; Adding default IPv6 external servers: [nameserver 2001:4860:4860::8888 nameserver 2001:4860:4860::8844]" 
time="2017-04-28T21:05:24+02:00" level=info msg="Firewalld running: false" 
time="2017-04-28T21:05:45.654115983+02:00" level=info msg="No non-localhost DNS nameservers are left in resolv.conf. Using default external servers: [nameserver 8.8.8.8 nameserver 8.8.4.4]" 
time="2017-04-28T21:05:45.654241544+02:00" level=info msg="IPv6 enabled; Adding default IPv6 external servers: [nameserver 2001:4860:4860::8888 nameserver 2001:4860:4860::8844]" 
time="2017-04-28T21:05:45+02:00" level=info msg="Firewalld running: false" 
time="2017-04-28T21:05:46.045221807+02:00" level=info msg="No non-localhost DNS nameservers are left in resolv.conf. Using default external servers: [nameserver 8.8.8.8 nameserver 8.8.4.4]" 
time="2017-04-28T21:05:46.045295372+02:00" level=info msg="IPv6 enabled; Adding default IPv6 external servers: [nameserver 2001:4860:4860::8888 nameserver 2001:4860:4860::8844]" 
time="2017-04-28T21:05:46+02:00" level=info msg="Firewalld running: false" 
time="2017-04-28T21:08:49.012283854+02:00" level=info msg="No non-localhost DNS nameservers are left in resolv.conf. Using default external servers: [nameserver 8.8.8.8 nameserver 8.8.4.4]" 
time="2017-04-28T21:08:49.012407041+02:00" level=info msg="IPv6 enabled; Adding default IPv6 external servers: [nameserver 2001:4860:4860::8888 nameserver 2001:4860:4860::8844]" 
time="2017-04-28T21:08:49+02:00" level=info msg="Firewalld running: false" 
time="2017-04-28T21:08:49.455138877+02:00" level=info msg="No non-localhost DNS nameservers are left in resolv.conf. Using default external servers: [nameserver 8.8.8.8 nameserver 8.8.4.4]" 
time="2017-04-28T21:08:49.455207193+02:00" level=info msg="IPv6 enabled; Adding default IPv6 external servers: [nameserver 2001:4860:4860::8888 nameserver 2001:4860:4860::8844]" 
time="2017-04-28T21:08:49+02:00" level=info msg="Firewalld running: false" 
time="2017-04-28T21:09:41.739656166+02:00" level=info msg="No non-localhost DNS nameservers are left in resolv.conf. Using default external servers: [nameserver 8.8.8.8 nameserver 8.8.4.4]" 
time="2017-04-28T21:09:41.739784349+02:00" level=info msg="IPv6 enabled; Adding default IPv6 external servers: [nameserver 2001:4860:4860::8888 nameserver 2001:4860:4860::8844]" 
time="2017-04-28T21:09:41+02:00" level=info msg="Firewalld running: false" 
time="2017-04-28T21:09:42.280912054+02:00" level=info msg="No non-localhost DNS nameservers are left in resolv.conf. Using default external servers: [nameserver 8.8.8.8 nameserver 8.8.4.4]" 
time="2017-04-28T21:09:42.280970997+02:00" level=info msg="IPv6 enabled; Adding default IPv6 external servers: [nameserver 2001:4860:4860::8888 nameserver 2001:4860:4860::8844]" 
time="2017-04-28T21:09:42+02:00" level=info msg="Firewalld running: false" 
time="2017-04-28T21:10:40.965190307+02:00" level=info msg="No non-localhost DNS nameservers are left in resolv.conf. Using default external servers: [nameserver 8.8.8.8 nameserver 8.8.4.4]" 
time="2017-04-28T21:10:40.965363398+02:00" level=info msg="IPv6 enabled; Adding default IPv6 external servers: [nameserver 2001:4860:4860::8888 nameserver 2001:4860:4860::8844]" 
time="2017-04-28T21:10:41+02:00" level=info msg="Firewalld running: false" 
time="2017-04-28T21:10:41.452061058+02:00" level=info msg="No non-localhost DNS nameservers are left in resolv.conf. Using default external servers: [nameserver 8.8.8.8 nameserver 8.8.4.4]" 
time="2017-04-28T21:10:41.453763065+02:00" level=info msg="IPv6 enabled; Adding default IPv6 external servers: [nameserver 2001:4860:4860::8888 nameserver 2001:4860:4860::8844]" 
time="2017-04-28T21:10:41+02:00" level=info msg="Firewalld running: false" 
time="2017-04-28T21:11:15.831322868+02:00" level=info msg="No non-localhost DNS nameservers are left in resolv.conf. Using default external servers: [nameserver 8.8.8.8 nameserver 8.8.4.4]" 
time="2017-04-28T21:11:15.831446129+02:00" level=info msg="IPv6 enabled; Adding default IPv6 external servers: [nameserver 2001:4860:4860::8888 nameserver 2001:4860:4860::8844]" 
time="2017-04-28T21:11:15+02:00" level=info msg="Firewalld running: false" 
time="2017-04-28T21:11:16.249024449+02:00" level=info msg="No non-localhost DNS nameservers are left in resolv.conf. Using default external servers: [nameserver 8.8.8.8 nameserver 8.8.4.4]" 
time="2017-04-28T21:11:16.249214152+02:00" level=info msg="IPv6 enabled; Adding default IPv6 external servers: [nameserver 2001:4860:4860::8888 nameserver 2001:4860:4860::8844]" 
time="2017-04-28T21:11:16+02:00" level=info msg="Firewalld running: false" 
time="2017-04-28T21:14:12.395215321+02:00" level=info msg="No non-localhost DNS nameservers are left in resolv.conf. Using default external servers: [nameserver 8.8.8.8 nameserver 8.8.4.4]" 
time="2017-04-28T21:14:12.395336017+02:00" level=info msg="IPv6 enabled; Adding default IPv6 external servers: [nameserver 2001:4860:4860::8888 nameserver 2001:4860:4860::8844]" 
time="2017-04-28T21:14:12+02:00" level=info msg="Firewalld running: false" 
time="2017-04-28T21:14:12.884755234+02:00" level=info msg="No non-localhost DNS nameservers are left in resolv.conf. Using default external servers: [nameserver 8.8.8.8 nameserver 8.8.4.4]" 
time="2017-04-28T21:14:12.884833484+02:00" level=info msg="IPv6 enabled; Adding default IPv6 external servers: [nameserver 2001:4860:4860::8888 nameserver 2001:4860:4860::8844]" 
time="2017-04-28T21:14:13+02:00" level=info msg="Firewalld running: false" 
time="2017-04-28T21:14:33.853899501+02:00" level=info msg="No non-localhost DNS nameservers are left in resolv.conf. Using default external servers: [nameserver 8.8.8.8 nameserver 8.8.4.4]" 
time="2017-04-28T21:14:33.854013126+02:00" level=info msg="IPv6 enabled; Adding default IPv6 external servers: [nameserver 2001:4860:4860::8888 nameserver 2001:4860:4860::8844]" 
time="2017-04-28T21:14:34+02:00" level=info msg="Firewalld running: false" 
time="2017-04-28T21:14:34.479619134+02:00" level=info msg="No non-localhost DNS nameservers are left in resolv.conf. Using default external servers: [nameserver 8.8.8.8 nameserver 8.8.4.4]" 
time="2017-04-28T21:14:34.479693712+02:00" level=info msg="IPv6 enabled; Adding default IPv6 external servers: [nameserver 2001:4860:4860::8888 nameserver 2001:4860:4860::8844]" 
time="2017-04-28T21:14:34+02:00" level=info msg="Firewalld running: false" 
time="2017-04-28T21:15:31.083075608+02:00" level=info msg="No non-localhost DNS nameservers are left in resolv.conf. Using default external servers: [nameserver 8.8.8.8 nameserver 8.8.4.4]" 
time="2017-04-28T21:15:31.083226872+02:00" level=info msg="IPv6 enabled; Adding default IPv6 external servers: [nameserver 2001:4860:4860::8888 nameserver 2001:4860:4860::8844]" 
time="2017-04-28T21:15:31+02:00" level=info msg="Firewalld running: false" 
time="2017-04-28T21:15:31.550255575+02:00" level=info msg="No non-localhost DNS nameservers are left in resolv.conf. Using default external servers: [nameserver 8.8.8.8 nameserver 8.8.4.4]" 
time="2017-04-28T21:15:31.550323857+02:00" level=info msg="IPv6 enabled; Adding default IPv6 external servers: [nameserver 2001:4860:4860::8888 nameserver 2001:4860:4860::8844]" 
time="2017-04-28T21:15:32+02:00" level=info msg="Firewalld running: false" 
time="2017-04-28T21:16:20.391325385+02:00" level=info msg="No non-localhost DNS nameservers are left in resolv.conf. Using default external servers: [nameserver 8.8.8.8 nameserver 8.8.4.4]" 
time="2017-04-28T21:16:20.391441422+02:00" level=info msg="IPv6 enabled; Adding default IPv6 external servers: [nameserver 2001:4860:4860::8888 nameserver 2001:4860:4860::8844]" 
time="2017-04-28T21:16:20+02:00" level=info msg="Firewalld running: false" 
time="2017-04-28T21:16:20.930683228+02:00" level=info msg="No non-localhost DNS nameservers are left in resolv.conf. Using default external servers: [nameserver 8.8.8.8 nameserver 8.8.4.4]" 
time="2017-04-28T21:16:20.930753826+02:00" level=info msg="IPv6 enabled; Adding default IPv6 external servers: [nameserver 2001:4860:4860::8888 nameserver 2001:4860:4860::8844]" 
time="2017-04-28T21:16:21+02:00" level=info msg="Firewalld running: false" 
time="2017-04-28T21:16:41.459045721+02:00" level=info msg="No non-localhost DNS nameservers are left in resolv.conf. Using default external servers: [nameserver 8.8.8.8 nameserver 8.8.4.4]" 
time="2017-04-28T21:16:41.459201348+02:00" level=info msg="IPv6 enabled; Adding default IPv6 external servers: [nameserver 2001:4860:4860::8888 nameserver 2001:4860:4860::8844]" 
time="2017-04-28T21:16:41+02:00" level=info msg="Firewalld running: false" 
time="2017-04-28T21:16:41.947321880+02:00" level=info msg="No non-localhost DNS nameservers are left in resolv.conf. Using default external servers: [nameserver 8.8.8.8 nameserver 8.8.4.4]" 
time="2017-04-28T21:16:41.947392341+02:00" level=info msg="IPv6 enabled; Adding default IPv6 external servers: [nameserver 2001:4860:4860::8888 nameserver 2001:4860:4860::8844]" 
time="2017-04-28T21:16:42+02:00" level=info msg="Firewalld running: false" 
time="2017-04-28T21:18:38.165193571+02:00" level=info msg="No non-localhost DNS nameservers are left in resolv.conf. Using default external servers: [nameserver 8.8.8.8 nameserver 8.8.4.4]" 
time="2017-04-28T21:18:38.165415666+02:00" level=info msg="IPv6 enabled; Adding default IPv6 external servers: [nameserver 2001:4860:4860::8888 nameserver 2001:4860:4860::8844]" 
time="2017-04-28T21:18:38+02:00" level=info msg="Firewalld running: false" 
time="2017-04-28T21:18:38.649344840+02:00" level=info msg="No non-localhost DNS nameservers are left in resolv.conf. Using default external servers: [nameserver 8.8.8.8 nameserver 8.8.4.4]" 
time="2017-04-28T21:18:38.649546016+02:00" level=info msg="IPv6 enabled; Adding default IPv6 external servers: [nameserver 2001:4860:4860::8888 nameserver 2001:4860:4860::8844]" 
time="2017-04-28T21:18:39+02:00" level=info msg="Firewalld running: false" 
time="2017-04-28T21:19:02.179029974+02:00" level=info msg="No non-localhost DNS nameservers are left in resolv.conf. Using default external servers: [nameserver 8.8.8.8 nameserver 8.8.4.4]" 
time="2017-04-28T21:19:02.179160066+02:00" level=info msg="IPv6 enabled; Adding default IPv6 external servers: [nameserver 2001:4860:4860::8888 nameserver 2001:4860:4860::8844]" 
time="2017-04-28T21:19:02+02:00" level=info msg="Firewalld running: false" 
time="2017-04-28T21:19:02.656902379+02:00" level=info msg="No non-localhost DNS nameservers are left in resolv.conf. Using default external servers: [nameserver 8.8.8.8 nameserver 8.8.4.4]" 
time="2017-04-28T21:19:02.657078312+02:00" level=info msg="IPv6 enabled; Adding default IPv6 external servers: [nameserver 2001:4860:4860::8888 nameserver 2001:4860:4860::8844]" 
time="2017-04-28T21:19:03+02:00" level=info msg="Firewalld running: false" 
time="2017-04-28T22:03:13.665428047+02:00" level=info msg="Layer sha256:98af3975c3efe02f1c2a19ea8a42fd006a452ee48d5a29be2f3abff393f0d98c cleaned up" 
time="2017-04-28T22:05:09.974468429+02:00" level=info msg="Layer sha256:dd87b52d6a92c11b38a070223531437d6b562efc0e41cf3d8fe62d21215b9581 cleaned up" 
time="2017-04-28T22:05:10.256849068+02:00" level=info msg="Layer sha256:dd87b52d6a92c11b38a070223531437d6b562efc0e41cf3d8fe62d21215b9581 cleaned up" 
time="2017-04-28T22:05:27.332759527+02:00" level=error msg="Handler for POST /v1.22/containers/2dab21d6f7fbc545fa5ff22aaf8bee4cb61d6327d3f2a921857895553fcf1e44/stop returned error: Container 2dab21d6f7fbc545fa5ff22aaf8bee4cb61d6327d3f2a921857895553fcf1e44 is already stopped" 
time="2017-04-28T22:05:28+02:00" level=info msg="Firewalld running: false" 
time="2017-04-28T22:05:28+02:00" level=info msg="Firewalld running: false" 
time="2017-04-28T22:06:50.922835575+02:00" level=info msg="Layer sha256:5ab81d2633bcbac155d3d012d4c5fdae61c9acaca2edb557c6f1978d452e5b7b cleaned up" 
time="2017-04-28T22:08:31.711466295+02:00" level=info msg="Layer sha256:ef9607dee83cc1d3e2a4388b92f6f84cae284db76b9bc9908e6d07ebed25a7dc cleaned up" 
time="2017-04-28T22:08:31.955304912+02:00" level=info msg="Layer sha256:ef9607dee83cc1d3e2a4388b92f6f84cae284db76b9bc9908e6d07ebed25a7dc cleaned up" 
time="2017-04-28T22:08:46.726932094+02:00" level=error msg="Handler for POST /v1.22/containers/c778ba0b6b2e844f2dbbd2bd5e8da4329b5bb5726850de076b210427b01be369/stop returned error: Container c778ba0b6b2e844f2dbbd2bd5e8da4329b5bb5726850de076b210427b01be369 is already stopped" 
time="2017-04-28T22:08:47+02:00" level=info msg="Firewalld running: false" 
time="2017-04-28T22:08:47+02:00" level=info msg="Firewalld running: false" 
time="2017-04-28T22:13:19+02:00" level=info msg="Firewalld running: false" 
time="2017-04-28T22:13:19+02:00" level=info msg="Firewalld running: false" 
time="2017-04-28T22:16:44+02:00" level=info msg="Firewalld running: false" 
time="2017-04-28T22:16:44+02:00" level=info msg="Firewalld running: false" 
time="2017-04-28T22:17:25+02:00" level=info msg="Firewalld running: false" 
time="2017-04-28T22:17:25+02:00" level=info msg="Firewalld running: false" 
time="2017-04-28T22:30:56+02:00" level=info msg="Firewalld running: false" 
time="2017-04-28T22:30:56+02:00" level=info msg="Firewalld running: false" 
time="2017-04-28T22:33:12+02:00" level=info msg="Firewalld running: false" 
time="2017-04-28T22:33:12+02:00" level=info msg="Firewalld running: false" 
time="2017-04-28T22:34:35.140820927+02:00" level=info msg="Layer sha256:427d943c754715fe14aa028bdcfc41f01bde9396e07777956371c2d7dc6f67d5 cleaned up" 
time="2017-04-28T22:36:04.504161189+02:00" level=info msg="Layer sha256:1bce3943ee094d7253714f55e91b0cd2cff8a19c56a960e78ca2d49bc13bc9c3 cleaned up" 
time="2017-04-28T22:36:04.699922850+02:00" level=info msg="Layer sha256:1bce3943ee094d7253714f55e91b0cd2cff8a19c56a960e78ca2d49bc13bc9c3 cleaned up" 
time="2017-04-28T22:36:22+02:00" level=info msg="Firewalld running: false" 
time="2017-04-28T22:36:22+02:00" level=info msg="Firewalld running: false" 
time="2017-04-28T22:39:16+02:00" level=info msg="Firewalld running: false" 
time="2017-04-28T22:39:16+02:00" level=info msg="Firewalld running: false" 
time="2017-04-28T22:39:44+02:00" level=info msg="Firewalld running: false" 
time="2017-04-28T22:39:44+02:00" level=info msg="Firewalld running: false" 
time="2017-04-28T22:41:46.478749906+02:00" level=info msg="Layer sha256:0f6ec620787965888ac35b01678aeec0e12f35c6996da62fefba7136f49214e0 cleaned up" 
time="2017-04-28T22:42:50.252932777+02:00" level=info msg="Layer sha256:987faa9c90d56bc4af242984f33715f22f0af82cae5fe9760eb16643b76fc3f9 cleaned up" 
time="2017-04-28T22:42:50.444539912+02:00" level=info msg="Layer sha256:987faa9c90d56bc4af242984f33715f22f0af82cae5fe9760eb16643b76fc3f9 cleaned up" 
time="2017-04-28T22:43:08+02:00" level=info msg="Firewalld running: false" 
time="2017-04-28T22:43:08+02:00" level=info msg="Firewalld running: false" 
time="2017-04-28T22:45:50+02:00" level=info msg="Firewalld running: false" 
time="2017-04-28T22:45:51+02:00" level=info msg="Firewalld running: false" 
time="2017-04-28T23:15:34.345211238+02:00" level=error msg="Handler for DELETE /v1.28/containers/2db221dbf65d returned error: No such container: 2db221dbf65d" 
time="2017-04-28T23:15:34.345450949+02:00" level=error msg="Handler for DELETE /v1.28/containers/ff16ff375337 returned error: No such container: ff16ff375337" 
time="2017-04-28T23:15:34.346010036+02:00" level=error msg="Handler for DELETE /v1.28/containers/478052b7577c returned error: No such container: 478052b7577c" 
time="2017-04-28T23:15:34.346303535+02:00" level=error msg="Handler for DELETE /v1.28/containers/8131653dea7e returned error: No such container: 8131653dea7e" 
time="2017-04-28T23:15:34.349290711+02:00" level=error msg="Handler for DELETE /v1.28/containers/5beb9ffec630 returned error: No such container: 5beb9ffec630" 
time="2017-04-28T23:15:34.349462791+02:00" level=error msg="Handler for DELETE /v1.28/containers/b88ee70d444d returned error: No such container: b88ee70d444d" 
time="2017-04-28T23:15:34.350237821+02:00" level=error msg="Handler for DELETE /v1.28/containers/8b2eaf28bb84 returned error: No such container: 8b2eaf28bb84" 
time="2017-04-28T23:15:34.350373655+02:00" level=error msg="Handler for DELETE /v1.28/containers/c7c001d33a05 returned error: No such container: c7c001d33a05" 
time="2017-04-28T23:15:34.350477986+02:00" level=error msg="Handler for DELETE /v1.28/containers/4416056acd2a returned error: No such container: 4416056acd2a" 
time="2017-04-28T23:15:34.351277282+02:00" level=error msg="Handler for DELETE /v1.28/containers/59b7ac10a5a4 returned error: No such container: 59b7ac10a5a4" 
time="2017-04-28T23:15:34.351394487+02:00" level=error msg="Handler for DELETE /v1.28/containers/48b5124b2768 returned error: No such container: 48b5124b2768" 
time="2017-04-28T23:16:02.281031107+02:00" level=error msg="Handler for DELETE /v1.28/images/8131653dea7e returned error: conflict: unable to delete 8131653dea7e (must be forced) - image is being used by stopped container 3a1ece0cae2d" 
time="2017-04-28T23:16:10.151594883+02:00" level=error msg="Handler for DELETE /v1.28/images/8b2eaf28bb84 returned error: conflict: unable to delete 8b2eaf28bb84 (must be forced) - image is being used by stopped container 8115a5368acc" 
time="2017-04-28T23:16:10.814386757+02:00" level=error msg="Handler for DELETE /v1.28/images/4416056acd2a returned error: conflict: unable to delete 4416056acd2a (must be forced) - image is being used by stopped container eee2f778d46c" 
time="2017-04-28T23:16:11.372802333+02:00" level=error msg="Handler for DELETE /v1.28/images/2db221dbf65d returned error: conflict: unable to delete 2db221dbf65d (cannot be forced) - image has dependent child images" 
time="2017-04-28T23:16:11.374200080+02:00" level=error msg="Handler for DELETE /v1.28/images/48b5124b2768 returned error: conflict: unable to delete 48b5124b2768 (must be forced) - image is being used by stopped container 1c4ca4f5c57f" 
time="2017-04-28T23:41:23.664574367+02:00" level=info msg="Layer sha256:f009827b9e05b82cc7eef8c522e2b6b3975553824120de3f91ec6159169b0fc4 cleaned up" 
time="2017-04-28T23:47:00.813652406+02:00" level=info msg="Layer sha256:295b541aa6e5e439c8a39ef68e70953fa0ea43d136fa1daca7996a5b7157e055 cleaned up" 
time="2017-04-28T23:47:01.022452589+02:00" level=info msg="Layer sha256:295b541aa6e5e439c8a39ef68e70953fa0ea43d136fa1daca7996a5b7157e055 cleaned up" 
time="2017-04-28T23:52:43.700153516+02:00" level=error msg="Handler for DELETE /v1.28/images/813 returned error: conflict: unable to delete 8131653dea7e (must be forced) - image is being used by stopped container 3a1ece0cae2d" 
time="2017-04-28T23:52:54.835702064+02:00" level=error msg="Handler for DELETE /v1.28/images/813 returned error: No such image: 813:latest" 
time="2017-04-28T23:54:34.412767191+02:00" level=error msg="Handler for DELETE /v1.28/images/2db returned error: conflict: unable to delete 2db221dbf65d (cannot be forced) - image has dependent child images" 
time="2017-04-28T23:55:17.645870567+02:00" level=info msg="Layer sha256:aecca192fa4e25674ec4aa25bd9cb8906921d8c26495324b3570b81d086f018b cleaned up" 
time="2017-04-28T23:55:17.646030768+02:00" level=info msg="Layer sha256:eeb208c89b6b823e22059b93349069d5e70d49a64a5c496105d8ba462b08fc3e cleaned up" 
time="2017-04-28T23:55:17.646068678+02:00" level=info msg="Layer sha256:4892f8bc5a1d2dd3761ecbf45cbd9ebe17c78a30032dc6177abb5e4267b0bf12 cleaned up" 
time="2017-04-29T00:01:23.283793991+02:00" level=info msg="Layer sha256:b0a947882ce07be5cbff8312c5513c2b277dd263aca00dffeed2429334adbc5c cleaned up" 
time="2017-04-29T00:04:28.519834136+02:00" level=info msg="Layer sha256:32399be412ec594b99de0f566e435fb1e1cb7b1ee2ba234416765c2322ffd0d5 cleaned up" 
time="2017-04-29T00:04:28.727642698+02:00" level=info msg="Layer sha256:32399be412ec594b99de0f566e435fb1e1cb7b1ee2ba234416765c2322ffd0d5 cleaned up" 
time="2017-04-29T00:17:29.878662200+02:00" level=error msg="Handler for POST /v1.28/containers/create returned error: Conflict. The container name \"/web\" is already in use by container \"d8ad123380e124049e06168c67dc9a06e966b8285d88a834c702eac67887007b\". You have to remove (or rename) that container to be able to reuse that name." 
time="2017-04-30T00:05:11.589716443+02:00" level=error msg="Handler for GET /v1.21/images/abgabe_web/json returned error: no such image: abgabe_web: No such image: abgabe_web:latest" 
time="2017-04-30T00:05:13.179454329+02:00" level=info msg="Layer sha256:a29a65a682ce6968d4f21952b247627a1ace4ea4c3a828e2f6c39848061544c2 cleaned up" 
time="2017-04-30T00:08:22.570320846+02:00" level=warning msg="could not write error response: write unix /var/run/docker.sock->@: write: broken pipe" 
time="2017-04-30T00:09:23.129653680+02:00" level=error msg="Handler for GET /v1.21/images/abgabe_web/json returned error: no such image: abgabe_web: No such image: abgabe_web:latest" 
time="2017-04-30T00:09:24.702183069+02:00" level=info msg="Layer sha256:831fb3bdbe79e9129f5b3afa9f4cd31f9b536bc841afc6b8ce96ea7129aba057 cleaned up" 
time="2017-04-30T00:09:31.056450946+02:00" level=info msg="Layer sha256:0300485cf76d33aa40cd531ec079db2f03c14f1c75fb86b4c9115c2425fc4ded cleaned up" 
time="2017-04-30T00:12:31.434520016+02:00" level=warning msg="could not write error response: write unix /var/run/docker.sock->@: write: broken pipe" 
time="2017-04-30T00:15:12.979040703+02:00" level=error msg="Handler for GET /v1.21/images/abgabe_web/json returned error: no such image: abgabe_web: No such image: abgabe_web:latest" 
time="2017-04-30T00:15:14.599843654+02:00" level=info msg="Layer sha256:3625ed5b52c47131962e55b5cdc6badfd20fac2acf9f10266b50d9b98a2f000d cleaned up" 
time="2017-04-30T00:15:46.839647722+02:00" level=warning msg="could not write error response: write unix /var/run/docker.sock->@: write: broken pipe" 
time="2017-04-30T00:19:13.654680439+02:00" level=error msg="Handler for GET /v1.21/images/abgabe_web/json returned error: no such image: abgabe_web: No such image: abgabe_web:latest" 
time="2017-04-30T00:19:14.364568153+02:00" level=info msg="Layer sha256:730dbca1cb01d4cb26bec7098bfd360a253121b2cd7d0e344159195524232576 cleaned up" 
time="2017-04-30T00:23:13.687107051+02:00" level=error msg="Handler for POST /v1.28/containers/create returned error: invalid volume spec \"~/data/db\": invalid volume specification: '~/data/db': invalid mount config for type \"volume\": invalid mount path: '~/data/db' mount path must be absolute" 
time="2017-04-30T00:25:02.064678780+02:00" level=error msg="Handler for GET /v1.21/images/abgabe_web/json returned error: no such image: abgabe_web: No such image: abgabe_web:latest" 
time="2017-04-30T00:25:02.842557065+02:00" level=info msg="Layer sha256:760b3bb454ea10013122f2a1426b17f15c2f478163bf895355112897ba1bab99 cleaned up" 
time="2017-04-30T00:26:02.301156231+02:00" level=error msg="Handler for GET /v1.21/images/abgabe_web/json returned error: no such image: abgabe_web: No such image: abgabe_web:latest" 
time="2017-04-30T00:26:02.998554117+02:00" level=info msg="Layer sha256:2f6e908a46468114a3727d57449556322f86bbc3d7a4350973f3574b097d6a08 cleaned up" 
time="2017-04-30T00:28:41.876878151+02:00" level=info msg="Layer sha256:84aaef29ad34e1ba4e5a756d7a07f3eb29519c9d87f05dc6bee5d7c200e36d48 cleaned up" 
time="2017-04-30T00:28:42.066869983+02:00" level=info msg="Layer sha256:84aaef29ad34e1ba4e5a756d7a07f3eb29519c9d87f05dc6bee5d7c200e36d48 cleaned up" 
time="2017-04-30T00:28:44.912027227+02:00" level=warning msg="Failed to allocate and map port 3000-3000: Bind for 0.0.0.0:3000 failed: port is already allocated" 
time="2017-04-30T00:28:45.296621447+02:00" level=error msg="Handler for POST /v1.21/containers/f58af110f9452e6b8e40a089bd7acd49b3f941f4bbba6f2bf485588914b96662/start returned error: driver failed programming external connectivity on endpoint abgabe_web_1 (966525596f4957e7daf537a831b5f86a2d416054a3c32da08af86697d1412aee): Bind for 0.0.0.0:3000 failed: port is already allocated" 
time="2017-04-30T00:28:45.372965852+02:00" level=error msg="attach: stdout: write unix /var/run/docker.sock->@: write: broken pipe" 
time="2017-04-30T00:30:33.427874458+02:00" level=error msg="attach failed with error: write unix /var/run/docker.sock->@: write: broken pipe" 
docker: 'deamon' is not a docker command.
See 'docker --help'
